2023-10-25 10:03:20,659 - preproc - INFO - c:\Users\yishai\Downloads\dockers\New folder
2023-10-25 10:03:20,659 - preproc - INFO - c:\Users\yishai\Downloads\dockers\New folder
2023-10-25 10:03:35,516 - preproc - INFO - c:\Users\yishai\Downloads\dockers\New folder
2023-10-25 10:03:35,516 - preproc - INFO - c:\Users\yishai\Downloads\dockers\New folder
2023-10-25 10:03:54,748 - preproc - INFO - c:\Users\yishai\Downloads\dockers\New folder
2023-10-25 10:03:54,748 - preproc - INFO - c:\Users\yishai\Downloads\dockers\New folder
2023-10-25 10:09:57,316 - preproc - INFO - c:\Users\yishai\Downloads\dockers\New_folder
2023-10-25 10:09:57,316 - preproc - INFO - c:\Users\yishai\Downloads\dockers\New_folder
2023-10-25 10:09:57,323 - preproc - INFO - c:\Users\yishai\Downloads\dockers\New_folder\processed.pkl
2023-10-25 10:09:57,323 - preproc - INFO - c:\Users\yishai\Downloads\dockers\New_folder\processed.pkl
2023-10-25 10:19:30,514 - preproc - INFO - c:\Users\yishai\Downloads\dockers\New_folder
2023-10-25 10:19:30,514 - preproc - INFO - c:\Users\yishai\Downloads\dockers\New_folder
2023-10-25 10:19:30,514 - preproc - INFO - c:\Users\yishai\Downloads\dockers\New_folder
2023-10-25 10:19:30,514 - preproc - INFO - c:\Users\yishai\Downloads\dockers\New_folder
2023-10-25 10:19:30,514 - preproc - INFO - c:\Users\yishai\Downloads\dockers\New_folder
2023-10-25 10:19:30,522 - preproc - INFO - c:\Users\yishai\Downloads\dockers\New_folder\processed.pkl
2023-10-25 10:19:30,522 - preproc - INFO - c:\Users\yishai\Downloads\dockers\New_folder\processed.pkl
2023-10-25 10:19:30,522 - preproc - INFO - c:\Users\yishai\Downloads\dockers\New_folder\processed.pkl
2023-10-25 10:19:30,522 - preproc - INFO - c:\Users\yishai\Downloads\dockers\New_folder\processed.pkl
2023-10-25 10:19:30,522 - preproc - INFO - c:\Users\yishai\Downloads\dockers\New_folder\processed.pkl
2023-10-25 10:22:19,741 - preproc - INFO - blabla
2023-10-25 10:22:19,741 - preproc - INFO - blabla
2023-10-25 10:28:06,368 - preproc - INFO - blabla
2023-10-25 10:28:06,368 - preproc - INFO - blabla
2023-10-25 10:28:06,368 - preproc - INFO - blabla
2023-10-25 10:28:34,691 - preproc - INFO - blabla
2023-10-25 10:28:34,691 - preproc - INFO - blabla
2023-10-25 10:28:34,691 - preproc - INFO - blabla
2023-10-25 10:28:34,691 - preproc - INFO - blabla
2023-10-25 10:50:19,195 - preproc - INFO - blabla
2023-10-25 10:50:44,865 - preproc - INFO - blabla
2023-10-25 10:50:44,865 - preproc - INFO - blabla
2023-10-25 10:52:45,225 - preproc - INFO - blabla
2023-10-25 10:52:45,225 - preproc - INFO - blabla
2023-10-25 10:52:45,225 - preproc - INFO - blabla
2023-10-25 10:53:07,734 - preproc - INFO - blabla
2023-10-25 10:53:07,734 - preproc - INFO - blabla
2023-10-25 10:53:07,734 - preproc - INFO - blabla
2023-10-25 10:53:07,734 - preproc - INFO - blabla
2023-10-25 10:53:09,909 - preproc - INFO - blabla
2023-10-25 10:53:09,909 - preproc - INFO - blabla
2023-10-25 10:53:09,909 - preproc - INFO - blabla
2023-10-25 10:53:09,909 - preproc - INFO - blabla
2023-10-25 10:53:09,909 - preproc - INFO - blabla
2023-10-25 10:53:17,467 - preproc - INFO - blabla
2023-10-25 10:53:17,467 - preproc - INFO - blabla
2023-10-25 10:53:17,467 - preproc - INFO - blabla
2023-10-25 10:53:17,467 - preproc - INFO - blabla
2023-10-25 10:53:17,467 - preproc - INFO - blabla
2023-10-25 10:53:17,467 - preproc - INFO - blabla
2023-10-25 10:53:19,659 - preproc - INFO - blabla
2023-10-25 10:53:19,659 - preproc - INFO - blabla
2023-10-25 10:53:19,659 - preproc - INFO - blabla
2023-10-25 10:53:19,659 - preproc - INFO - blabla
2023-10-25 10:53:19,659 - preproc - INFO - blabla
2023-10-25 10:53:19,659 - preproc - INFO - blabla
2023-10-25 10:53:19,659 - preproc - INFO - blabla
2023-10-25 10:53:22,218 - preproc - INFO - blabla
2023-10-25 10:53:22,218 - preproc - INFO - blabla
2023-10-25 10:53:22,218 - preproc - INFO - blabla
2023-10-25 10:53:22,218 - preproc - INFO - blabla
2023-10-25 10:53:22,218 - preproc - INFO - blabla
2023-10-25 10:53:22,218 - preproc - INFO - blabla
2023-10-25 10:53:22,218 - preproc - INFO - blabla
2023-10-25 10:53:22,218 - preproc - INFO - blabla
2023-10-25 10:53:53,401 - preproc - INFO - blabla
2023-10-25 10:53:53,401 - preproc - INFO - blabla
2023-10-25 10:53:53,401 - preproc - INFO - blabla
2023-10-25 10:53:53,401 - preproc - INFO - blabla
2023-10-25 10:53:53,401 - preproc - INFO - blabla
2023-10-25 10:53:53,401 - preproc - INFO - blabla
2023-10-25 10:53:53,401 - preproc - INFO - blabla
2023-10-25 10:53:53,401 - preproc - INFO - blabla
2023-10-25 10:53:53,401 - preproc - INFO - blabla
2023-10-25 10:55:58,478 - preproc - INFO - blabla
2023-10-25 10:55:58,478 - preproc - INFO - blabla
2023-10-25 10:55:58,478 - preproc - INFO - blabla
2023-10-25 10:55:58,478 - preproc - INFO - blabla
2023-10-25 10:55:58,478 - preproc - INFO - blabla
2023-10-25 10:55:58,478 - preproc - INFO - blabla
2023-10-25 10:55:58,478 - preproc - INFO - blabla
2023-10-25 10:55:58,478 - preproc - INFO - blabla
2023-10-25 10:55:58,478 - preproc - INFO - blabla
2023-10-25 10:55:58,478 - preproc - INFO - blabla
2023-10-25 10:55:58,478 - preproc - INFO - blabla
2023-10-25 10:57:39,524 - preproc - INFO - ./data/exp1/
2023-10-25 10:57:39,524 - preproc - INFO - ./data/exp1/
2023-10-25 10:57:39,524 - preproc - INFO - ./data/exp1/
2023-10-25 10:57:39,524 - preproc - INFO - ./data/exp1/
2023-10-25 10:57:39,524 - preproc - INFO - ./data/exp1/
2023-10-25 10:57:39,524 - preproc - INFO - ./data/exp1/
2023-10-25 10:57:39,524 - preproc - INFO - ./data/exp1/
2023-10-25 10:57:39,524 - preproc - INFO - ./data/exp1/
2023-10-25 10:57:39,524 - preproc - INFO - ./data/exp1/
2023-10-25 10:57:39,524 - preproc - INFO - ./data/exp1/
2023-10-25 10:57:39,524 - preproc - INFO - ./data/exp1/
2023-10-25 10:57:39,560 - preproc - INFO - blabla
2023-10-25 10:57:39,560 - preproc - INFO - blabla
2023-10-25 10:57:39,560 - preproc - INFO - blabla
2023-10-25 10:57:39,560 - preproc - INFO - blabla
2023-10-25 10:57:39,560 - preproc - INFO - blabla
2023-10-25 10:57:39,560 - preproc - INFO - blabla
2023-10-25 10:57:39,560 - preproc - INFO - blabla
2023-10-25 10:57:39,560 - preproc - INFO - blabla
2023-10-25 10:57:39,560 - preproc - INFO - blabla
2023-10-25 10:57:39,560 - preproc - INFO - blabla
2023-10-25 10:57:39,560 - preproc - INFO - blabla
2023-10-25 10:57:39,560 - preproc - INFO - blabla
2023-10-25 10:58:46,464 - preproc - INFO - blabla
2023-10-25 10:59:07,403 - preproc - INFO - blabla
2023-10-25 10:59:07,403 - preproc - INFO - blabla
2023-10-25 11:05:46,715 - preproc - INFO - blabla
2023-10-25 11:05:46,715 - preproc - INFO - blabla
2023-10-25 11:05:46,715 - preproc - INFO - blabla
2023-10-25 11:06:07,581 - preproc - INFO - blabla
2023-10-25 11:06:07,581 - preproc - INFO - blabla
2023-10-25 11:06:07,581 - preproc - INFO - blabla
2023-10-25 11:06:07,581 - preproc - INFO - blabla
2023-10-25 11:07:31,895 - preproc - INFO - blabla
2023-10-25 11:07:31,895 - preproc - INFO - blabla
2023-10-25 11:07:31,895 - preproc - INFO - blabla
2023-10-25 11:07:31,895 - preproc - INFO - blabla
2023-10-25 11:07:31,895 - preproc - INFO - blabla
2023-10-25 11:08:37,197 - preproc - INFO - blabla
2023-10-25 11:08:37,197 - preproc - INFO - blabla
2023-10-25 11:08:37,197 - preproc - INFO - blabla
2023-10-25 11:08:37,197 - preproc - INFO - blabla
2023-10-25 11:08:37,197 - preproc - INFO - blabla
2023-10-25 11:08:37,197 - preproc - INFO - blabla
2023-10-25 11:10:43,699 - preproc - INFO - blabla
2023-10-25 11:10:43,699 - preproc - INFO - blabla
2023-10-25 11:10:43,699 - preproc - INFO - blabla
2023-10-25 11:10:43,699 - preproc - INFO - blabla
2023-10-25 11:10:43,699 - preproc - INFO - blabla
2023-10-25 11:10:43,699 - preproc - INFO - blabla
2023-10-25 11:10:43,699 - preproc - INFO - blabla
2023-10-25 11:11:58,080 - preproc - INFO - blabla
2023-10-25 11:11:58,080 - preproc - INFO - blabla
2023-10-25 11:11:58,080 - preproc - INFO - blabla
2023-10-25 11:11:58,080 - preproc - INFO - blabla
2023-10-25 11:11:58,080 - preproc - INFO - blabla
2023-10-25 11:11:58,080 - preproc - INFO - blabla
2023-10-25 11:11:58,080 - preproc - INFO - blabla
2023-10-25 11:11:58,080 - preproc - INFO - blabla
2023-10-25 11:12:12,127 - preproc - INFO - blabla
2023-10-25 11:12:12,127 - preproc - INFO - blabla
2023-10-25 11:12:12,127 - preproc - INFO - blabla
2023-10-25 11:12:12,127 - preproc - INFO - blabla
2023-10-25 11:12:12,127 - preproc - INFO - blabla
2023-10-25 11:12:12,127 - preproc - INFO - blabla
2023-10-25 11:12:12,127 - preproc - INFO - blabla
2023-10-25 11:12:12,127 - preproc - INFO - blabla
2023-10-25 11:12:12,127 - preproc - INFO - blabla
2023-10-25 11:14:12,878 - preproc - INFO - blabla
2023-10-25 11:14:12,878 - preproc - INFO - blabla
2023-10-25 11:14:12,878 - preproc - INFO - blabla
2023-10-25 11:14:12,878 - preproc - INFO - blabla
2023-10-25 11:14:12,878 - preproc - INFO - blabla
2023-10-25 11:14:12,878 - preproc - INFO - blabla
2023-10-25 11:14:12,878 - preproc - INFO - blabla
2023-10-25 11:14:12,878 - preproc - INFO - blabla
2023-10-25 11:14:12,878 - preproc - INFO - blabla
2023-10-25 11:14:12,878 - preproc - INFO - blabla
2024-02-01 08:19:06,455 - preproc - INFO - 1
